[2013-09-02 19:37:40] request.ERROR: Uncaught PHP Exception Symfony\Component\HttpKernel\Exception\NotFoundHttpException: "No route found for "GET /"" at D:\zend-eclipse-php\workspace\lotofoot-v2\Symfony\vendor\symfony\symfony\src\Symfony\Component\HttpKernel\EventListener\RouterListener.php line 116 {"exception":"[object] (Symfony\\Component\\HttpKernel\\Exception\\NotFoundHttpException: No route found for \"GET /\" at D:\\zend-eclipse-php\\workspace\\lotofoot-v2\\Symfony\\vendor\\symfony\\symfony\\src\\Symfony\\Component\\HttpKernel\\EventListener\\RouterListener.php:116, Symfony\\Component\\Routing\\Exception\\ResourceNotFoundException:  at D:\\zend-eclipse-php\\workspace\\lotofoot-v2\\Symfony\\app\\cache\\prod\\appProdUrlMatcher.php:30)"} []
[2013-09-02 20:02:38] request.ERROR: Uncaught PHP Exception Symfony\Component\HttpKernel\Exception\NotFoundHttpException: "No route found for "GET /lotofootv2/hello/yes"" at D:\zend-eclipse-php\workspace\lotofoot-v2\Symfony\vendor\symfony\symfony\src\Symfony\Component\HttpKernel\EventListener\RouterListener.php line 116 {"exception":"[object] (Symfony\\Component\\HttpKernel\\Exception\\NotFoundHttpException: No route found for \"GET /lotofootv2/hello/yes\" at D:\\zend-eclipse-php\\workspace\\lotofoot-v2\\Symfony\\vendor\\symfony\\symfony\\src\\Symfony\\Component\\HttpKernel\\EventListener\\RouterListener.php:116, Symfony\\Component\\Routing\\Exception\\ResourceNotFoundException:  at D:\\zend-eclipse-php\\workspace\\lotofoot-v2\\Symfony\\app\\cache\\prod\\appProdUrlMatcher.php:30)"} []
[2013-09-02 21:12:52] request.ERROR: Uncaught PHP Exception Symfony\Component\HttpKernel\Exception\NotFoundHttpException: "No route found for "GET /lotofootv2/home"" at D:\zend-eclipse-php\workspace\lotofoot-v2\Symfony\app\cache\prod\classes.php line 1882 {"exception":"[object] (Symfony\\Component\\HttpKernel\\Exception\\NotFoundHttpException: No route found for \"GET /lotofootv2/home\" at D:\\zend-eclipse-php\\workspace\\lotofoot-v2\\Symfony\\app\\cache\\prod\\classes.php:1882, Symfony\\Component\\Routing\\Exception\\ResourceNotFoundException:  at D:\\zend-eclipse-php\\workspace\\lotofoot-v2\\Symfony\\app\\cache\\prod\\appProdUrlMatcher.php:30)"} []
[2013-09-02 21:12:55] request.ERROR: Uncaught PHP Exception Symfony\Component\HttpKernel\Exception\NotFoundHttpException: "No route found for "GET /"" at D:\zend-eclipse-php\workspace\lotofoot-v2\Symfony\app\cache\prod\classes.php line 1882 {"exception":"[object] (Symfony\\Component\\HttpKernel\\Exception\\NotFoundHttpException: No route found for \"GET /\" at D:\\zend-eclipse-php\\workspace\\lotofoot-v2\\Symfony\\app\\cache\\prod\\classes.php:1882, Symfony\\Component\\Routing\\Exception\\ResourceNotFoundException:  at D:\\zend-eclipse-php\\workspace\\lotofoot-v2\\Symfony\\app\\cache\\prod\\appProdUrlMatcher.php:30)"} []
[2013-09-02 21:38:34] event.DEBUG: Notified event "kernel.request" to listener "Symfony\Bundle\FrameworkBundle\EventListener\SessionListener::onKernelRequest". [] []
[2013-09-02 21:38:34] event.DEBUG: Notified event "kernel.request" to listener "Symfony\Component\HttpKernel\EventListener\FragmentListener::onKernelRequest". [] []
[2013-09-02 21:38:34] event.DEBUG: Notified event "kernel.request" to listener "Symfony\Component\HttpKernel\EventListener\RouterListener::onKernelRequest". [] []
[2013-09-02 21:38:34] event.DEBUG: Notified event "kernel.exception" to listener "Symfony\Component\HttpKernel\EventListener\ExceptionListener::onKernelException". [] []
[2013-09-02 21:38:34] request.ERROR: Uncaught PHP Exception Symfony\Component\HttpKernel\Exception\NotFoundHttpException: "No route found for "GET /"" at D:\zend-eclipse-php\workspace\lotofoot-v2\Symfony\vendor\symfony\symfony\src\Symfony\Component\HttpKernel\EventListener\RouterListener.php line 116 {"exception":"[object] (Symfony\\Component\\HttpKernel\\Exception\\NotFoundHttpException: No route found for \"GET /\" at D:\\zend-eclipse-php\\workspace\\lotofoot-v2\\Symfony\\vendor\\symfony\\symfony\\src\\Symfony\\Component\\HttpKernel\\EventListener\\RouterListener.php:116, Symfony\\Component\\Routing\\Exception\\ResourceNotFoundException:  at D:\\zend-eclipse-php\\workspace\\lotofoot-v2\\Symfony\\app\\cache\\prod\\appProdUrlMatcher.php:46)"} []
[2013-09-02 21:38:34] event.DEBUG: Notified event "kernel.request" to listener "closure". [] []
[2013-09-02 21:38:34] event.DEBUG: Notified event "kernel.request" to listener "Symfony\Bundle\FrameworkBundle\EventListener\SessionListener::onKernelRequest". [] []
[2013-09-02 21:38:34] event.DEBUG: Notified event "kernel.request" to listener "closure". [] []
[2013-09-02 21:38:34] event.DEBUG: Notified event "kernel.request" to listener "Symfony\Component\HttpKernel\EventListener\FragmentListener::onKernelRequest". [] []
[2013-09-02 21:38:34] event.DEBUG: Notified event "kernel.request" to listener "closure". [] []
[2013-09-02 21:38:34] event.DEBUG: Notified event "kernel.request" to listener "Symfony\Component\HttpKernel\EventListener\RouterListener::onKernelRequest". [] []
[2013-09-02 21:38:34] event.DEBUG: Notified event "kernel.request" to listener "closure". [] []
[2013-09-02 21:38:34] event.DEBUG: Notified event "kernel.request" to listener "Symfony\Component\HttpKernel\EventListener\LocaleListener::onKernelRequest". [] []
[2013-09-02 21:38:34] event.DEBUG: Notified event "kernel.request" to listener "closure". [] []
[2013-09-02 21:38:34] event.DEBUG: Notified event "kernel.request" to listener "Symfony\Component\Security\Http\Firewall::onKernelRequest". [] []
[2013-09-02 21:38:34] event.DEBUG: Notified event "kernel.request" to listener "closure". [] []
[2013-09-02 21:38:34] event.DEBUG: Notified event "kernel.request" to listener "Symfony\Component\HttpKernel\EventListener\ErrorsLoggerListener::injectLogger". [] []
[2013-09-02 21:38:34] event.DEBUG: Notified event "kernel.request" to listener "closure". [] []
[2013-09-02 21:38:34] event.DEBUG: Notified event "kernel.request" to listener "Symfony\Component\HttpKernel\EventListener\ErrorsLoggerListener::injectLogger". [] []
[2013-09-02 21:38:34] event.DEBUG: Notified event "kernel.controller" to listener "Sensio\Bundle\FrameworkExtraBundle\EventListener\ControllerListener::onKernelController". [] []
[2013-09-02 21:38:34] event.DEBUG: Notified event "kernel.controller" to listener "Sensio\Bundle\FrameworkExtraBundle\EventListener\ParamConverterListener::onKernelController". [] []
[2013-09-02 21:38:34] event.DEBUG: Notified event "kernel.controller" to listener "Sensio\Bundle\FrameworkExtraBundle\EventListener\TemplateListener::onKernelController". [] []
[2013-09-02 21:38:36] event.DEBUG: Notified event "kernel.response" to listener "Symfony\Component\HttpKernel\EventListener\ResponseListener::onKernelResponse". [] []
[2013-09-02 21:38:36] event.DEBUG: Notified event "kernel.response" to listener "Symfony\Component\Security\Http\RememberMe\ResponseListener::onKernelResponse". [] []
[2013-09-02 21:38:36] event.DEBUG: Notified event "kernel.response" to listener "Sensio\Bundle\FrameworkExtraBundle\EventListener\CacheListener::onKernelResponse". [] []
[2013-09-02 21:38:36] event.DEBUG: Notified event "kernel.response" to listener "Symfony\Component\HttpKernel\EventListener\StreamedResponseListener::onKernelResponse". [] []
[2013-09-02 21:38:36] event.DEBUG: Listener "Symfony\Component\HttpKernel\EventListener\ExceptionListener::onKernelException" stopped propagation of the event "kernel.exception". [] []
[2013-09-02 21:38:36] event.DEBUG: Notified event "kernel.response" to listener "Symfony\Component\HttpKernel\EventListener\ResponseListener::onKernelResponse". [] []
[2013-09-02 21:38:36] event.DEBUG: Notified event "kernel.response" to listener "Symfony\Component\Security\Http\RememberMe\ResponseListener::onKernelResponse". [] []
[2013-09-02 21:38:36] event.DEBUG: Notified event "kernel.response" to listener "Sensio\Bundle\FrameworkExtraBundle\EventListener\CacheListener::onKernelResponse". [] []
[2013-09-02 21:38:36] event.DEBUG: Notified event "kernel.response" to listener "Symfony\Component\HttpKernel\EventListener\StreamedResponseListener::onKernelResponse". [] []
[2013-09-02 21:38:36] event.DEBUG: Notified event "kernel.terminate" to listener "Symfony\Bundle\SwiftmailerBundle\EventListener\EmailSenderListener::onKernelTerminate". [] []
[2013-09-02 21:38:45] request.ERROR: Uncaught PHP Exception Symfony\Component\HttpKernel\Exception\NotFoundHttpException: "No route found for "GET /"" at D:\zend-eclipse-php\workspace\lotofoot-v2\Symfony\app\cache\prod\classes.php line 1882 {"exception":"[object] (Symfony\\Component\\HttpKernel\\Exception\\NotFoundHttpException: No route found for \"GET /\" at D:\\zend-eclipse-php\\workspace\\lotofoot-v2\\Symfony\\app\\cache\\prod\\classes.php:1882, Symfony\\Component\\Routing\\Exception\\ResourceNotFoundException:  at D:\\zend-eclipse-php\\workspace\\lotofoot-v2\\Symfony\\app\\cache\\prod\\appProdUrlMatcher.php:46)"} []
[2013-09-03 07:19:45] request.ERROR: Uncaught PHP Exception Symfony\Component\HttpKernel\Exception\NotFoundHttpException: "No route found for "GET /"" at D:\zend-eclipse-php\workspace\lotofoot-v2\Symfony\app\cache\prod\classes.php line 1882 {"exception":"[object] (Symfony\\Component\\HttpKernel\\Exception\\NotFoundHttpException: No route found for \"GET /\" at D:\\zend-eclipse-php\\workspace\\lotofoot-v2\\Symfony\\app\\cache\\prod\\classes.php:1882, Symfony\\Component\\Routing\\Exception\\ResourceNotFoundException:  at D:\\zend-eclipse-php\\workspace\\lotofoot-v2\\Symfony\\app\\cache\\prod\\appProdUrlMatcher.php:46)"} []
